<?xml version="1.0" encoding="UTF-8"?>
<!-- Generated by org.testng.reporters.JUnitReportReporter -->
<testsuite hostname="Jasprit" failures="0" tests="9" name="testcasespack.TC03_Login" time="0.002" errors="1" timestamp="2024-08-22T13:33:04 IST" skipped="8">
  <testcase classname="testcasespack.TC03_Login" name="tearDown" time="0.000">
    <skipped/>
  </testcase> <!-- tearDown -->
  <system-out/>
  <testcase classname="testcasespack.TC03_Login" name="setup" time="0.000">
    <skipped/>
  </testcase> <!-- setup -->
  <system-out/>
  <testcase classname="testcasespack.TC03_Login" name="Login" time="0.002">
    <error message="Cannot invoke &quot;org.openqa.selenium.WebDriver.findElement(org.openqa.selenium.By)&quot; because &quot;this.driver&quot; is null" type="java.lang.NullPointerException">
      <![CDATA[java.lang.NullPointerException: Cannot invoke "org.openqa.selenium.WebDriver.findElement(org.openqa.selenium.By)" because "this.driver" is null
at pages_pack.P03_LoginPage.NavigateToLogin(P03_LoginPage.java:29)
at testcasespack.TC03_Login.Login(TC03_Login.java:14)
at java.base/jdk.internal.reflect.NativeMethodAccessorImpl.invoke0(Native Method)
at java.base/jdk.internal.reflect.NativeMethodAccessorImpl.invoke(NativeMethodAccessorImpl.java:77)
at java.base/jdk.internal.reflect.DelegatingMethodAccessorImpl.invoke(DelegatingMethodAccessorImpl.java:43)
at java.base/java.lang.reflect.Method.invoke(Method.java:568)
at org.testng.internal.MethodInvocationHelper.invokeMethod(MethodInvocationHelper.java:133)
at org.testng.internal.MethodInvocationHelper.invokeMethodConsideringTimeout(MethodInvocationHelper.java:62)
at org.testng.internal.ConfigInvoker.invokeConfigurationMethod(ConfigInvoker.java:385)
at org.testng.internal.ConfigInvoker.invokeConfigurations(ConfigInvoker.java:321)
at org.testng.internal.TestInvoker.runConfigMethods(TestInvoker.java:700)
at org.testng.internal.TestInvoker.invokeMethod(TestInvoker.java:527)
at org.testng.internal.TestInvoker.invokeTestMethod(TestInvoker.java:173)
at org.testng.internal.MethodRunner.runInSequence(MethodRunner.java:46)
at org.testng.internal.TestInvoker$MethodInvocationAgent.invoke(TestInvoker.java:824)
at org.testng.internal.TestInvoker.invokeTestMethods(TestInvoker.java:146)
at org.testng.internal.TestMethodWorker.invokeTestMethods(TestMethodWorker.java:146)
at org.testng.internal.TestMethodWorker.run(TestMethodWorker.java:128)
at java.base/java.util.ArrayList.forEach(ArrayList.java:1511)
at org.testng.TestRunner.privateRun(TestRunner.java:794)
at org.testng.TestRunner.run(TestRunner.java:596)
at org.testng.SuiteRunner.runTest(SuiteRunner.java:377)
at org.testng.SuiteRunner.runSequentially(SuiteRunner.java:371)
at org.testng.SuiteRunner.privateRun(SuiteRunner.java:332)
at org.testng.SuiteRunner.run(SuiteRunner.java:276)
at org.testng.SuiteRunnerWorker.runSuite(SuiteRunnerWorker.java:53)
at org.testng.SuiteRunnerWorker.run(SuiteRunnerWorker.java:96)
at org.testng.TestNG.runSuitesSequentially(TestNG.java:1212)
at org.testng.TestNG.runSuitesLocally(TestNG.java:1134)
at org.testng.TestNG.runSuites(TestNG.java:1063)
at org.testng.TestNG.run(TestNG.java:1031)
at org.testng.remote.AbstractRemoteTestNG.run(AbstractRemoteTestNG.java:115)
at org.testng.remote.RemoteTestNG.initAndRun(RemoteTestNG.java:293)
at org.testng.remote.RemoteTestNG.main(RemoteTestNG.java:91)
]]>
    </error>
  </testcase> <!-- Login -->
  <system-out/>
  <testcase classname="testcasespack.TC03_Login" name="TestData1" time="0.000">
    <skipped/>
  </testcase> <!-- TestData1 -->
  <system-out/>
  <testcase classname="testcasespack.TC03_Login" name="TestData2" time="0.000">
    <skipped/>
  </testcase> <!-- TestData2 -->
  <system-out/>
  <testcase classname="testcasespack.TC03_Login" name="TestData3" time="0.000">
    <skipped/>
  </testcase> <!-- TestData3 -->
  <system-out/>
  <testcase classname="testcasespack.TC03_Login" name="TestData4" time="0.000">
    <skipped/>
  </testcase> <!-- TestData4 -->
  <system-out/>
  <testcase classname="testcasespack.TC03_Login" name="TestData6" time="0.000">
    <skipped/>
  </testcase> <!-- TestData6 -->
  <system-out/>
  <testcase classname="testcasespack.TC03_Login" name="TestData5" time="0.000">
    <skipped/>
  </testcase> <!-- TestData5 -->
  <system-out/>
</testsuite> <!-- testcasespack.TC03_Login -->
